<?xml version="1.0" encoding="UTF-8"?>
<testng-results skipped="0" failed="0" total="2" passed="2">
  <reporter-output>
  </reporter-output>
  <suite name="API Suite" duration-ms="5486" started-at="2017-11-29T21:18:12Z" finished-at="2017-11-29T21:18:17Z">
    <groups>
    </groups>
    <test name="API_Tests" duration-ms="5486" started-at="2017-11-29T21:18:12Z" finished-at="2017-11-29T21:18:17Z">
      <class name="googleAPIs.textSearchTest">
        <test-method status="PASS" signature="getData()[pri:0, instance:googleAPIs.textSearchTest@48e4374]" name="getData" duration-ms="854" started-at="2017-11-29T21:18:16Z" finished-at="2017-11-29T21:18:17Z">
          <reporter-output>
          </reporter-output>
        </test-method> <!-- getData -->
        <test-method status="PASS" signature="setUp()[pri:0, instance:googleAPIs.textSearchTest@48e4374]" name="setUp" is-config="true" duration-ms="0" started-at="2017-11-29T21:18:16Z" finished-at="2017-11-29T21:18:16Z">
          <reporter-output>
          </reporter-output>
        </test-method> <!-- setUp -->
      </class> <!-- googleAPIs.textSearchTest -->
      <class name="googleAPIs.nearbySearchTest">
        <test-method status="PASS" signature="getGoogleAPIkey()[pri:0, instance:googleAPIs.nearbySearchTest@49d904ec]" name="getGoogleAPIkey" is-config="true" duration-ms="16" started-at="2017-11-29T21:18:12Z" finished-at="2017-11-29T21:18:12Z">
          <reporter-output>
          </reporter-output>
        </test-method> <!-- getGoogleAPIkey -->
        <test-method status="PASS" signature="getGoogleAPIkey()[pri:0, instance:googleAPIs.textSearchTest@48e4374]" name="getGoogleAPIkey" is-config="true" duration-ms="0" started-at="2017-11-29T21:18:12Z" finished-at="2017-11-29T21:18:12Z">
          <reporter-output>
          </reporter-output>
        </test-method> <!-- getGoogleAPIkey -->
        <test-method status="PASS" signature="setUp()[pri:0, instance:googleAPIs.nearbySearchTest@49d904ec]" name="setUp" is-config="true" duration-ms="577" started-at="2017-11-29T21:18:12Z" finished-at="2017-11-29T21:18:12Z">
          <reporter-output>
          </reporter-output>
        </test-method> <!-- setUp -->
        <test-method status="PASS" signature="getData()[pri:0, instance:googleAPIs.nearbySearchTest@49d904ec]" name="getData" duration-ms="4034" started-at="2017-11-29T21:18:12Z" finished-at="2017-11-29T21:18:16Z">
          <reporter-output>
          </reporter-output>
        </test-method> <!-- getData -->
      </class> <!-- googleAPIs.nearbySearchTest -->
    </test> <!-- API_Tests -->
  </suite> <!-- API Suite -->
</testng-results>
